<?xml version="1.0" encoding="UTF-8"?>
<!-- Generated by org.testng.reporters.JUnitReportReporter -->
<testsuite skipped="0" hostname="DESKTOP-CQ446OQ" name="PageObjectModel.HomePage" tests="1" failures="0" timestamp="22 Mar 2020 02:37:07 GMT" time="5.816" errors="0">
  <testcase name="RegisterLink" time="5.816" classname="PageObjectModel.HomePage"/>
</testsuite> <!-- PageObjectModel.HomePage -->
