<?xml version="1.0" encoding="UTF-8"?>
<!-- Generated by org.testng.reporters.JUnitReportReporter -->
<testsuite skipped="0" hostname="DESKTOP-CQ446OQ" name="PageObjectModel.BaseClass" tests="1" failures="0" timestamp="22 Mar 2020 01:25:59 GMT" time="14.256" errors="0">
  <testcase name="Setup" time="14.256" classname="PageObjectModel.BaseClass"/>
</testsuite> <!-- PageObjectModel.BaseClass -->
