<?xml version="1.0" encoding="UTF-8"?>
<!-- Generated by org.testng.reporters.JUnitReportReporter -->
<testsuite skipped="0" hostname="DESKTOP-CQ446OQ" name="PageObjectModel.Register" tests="5" failures="0" timestamp="22 Mar 2020 03:08:17 GMT" time="8.026" errors="0">
  <testcase name="RegisterLink" time="5.650" classname="PageObjectModel.Register"/>
  <testcase name="username" time="0.244" classname="PageObjectModel.Register"/>
  <testcase name="Password" time="0.120" classname="PageObjectModel.Register"/>
  <testcase name="ConfiPassword" time="0.106" classname="PageObjectModel.Register"/>
  <testcase name="clicksubmit" time="1.906" classname="PageObjectModel.Register"/>
</testsuite> <!-- PageObjectModel.Register -->
